[22:50:26.985] Global cache location '/Users/masafumi.koba/Library/Caches/typescript/3.9', safe file path '/users/masafumi.koba/git/ybiquitous/meow/node_modules/typescript/lib/typingsafelist.json', types map path /users/masafumi.koba/git/ybiquitous/meow/node_modules/typescript/lib/typesmap.json
[22:50:26.986] Processing cache location '/Users/masafumi.koba/Library/Caches/typescript/3.9'
[22:50:26.987] Trying to find '/Users/masafumi.koba/Library/Caches/typescript/3.9/package.json'...
[22:50:26.991] Loaded content of '/Users/masafumi.koba/Library/Caches/typescript/3.9/package.json': {"private":true,"dependencies":{"types-registry":"^0.1.509"},"devDependencies":{"@types/postcss-less":"^3.1.0"}}
[22:50:26.991] Loaded content of '/Users/masafumi.koba/Library/Caches/typescript/3.9/package-lock.json'
[22:50:27.1] Adding entry into typings cache: 'postcss-less' => '/Users/masafumi.koba/Library/Caches/typescript/3.9/node_modules/@types/postcss-less/index.d.ts'
[22:50:27.1] Finished processing cache location '/Users/masafumi.koba/Library/Caches/typescript/3.9'
[22:50:27.2] Process id: 26364
[22:50:27.2] NPM location: /Users/masafumi.koba/.nvm/versions/node/v14.11.0/bin/npm (explicit '--npmLocation' not  provided)
[22:50:27.6] validateDefaultNpmLocation: false
[22:50:27.7] Npm config file: /Users/masafumi.koba/Library/Caches/typescript/3.9/package.json
[22:50:27.7] Updating types-registry npm package...
[22:50:27.7] Exec: /Users/masafumi.koba/.nvm/versions/node/v14.11.0/bin/npm install --ignore-scripts types-registry@latest
[22:50:28.555]     Succeeded. stdout:
    + types-registry@0.1.509
    updated 1 package and audited 12 packages in 1.157s

1 package is looking for funding
  run `npm fund` for details

found 0 vulnerabilities


[22:50:28.555] Updated types-registry npm package
